<?xml version="1.0" encoding="UTF-8"?>
<coverage generated="1782238550029" clover="3.2.0">
  <project timestamp="1782238550029" name="All files">
    <metrics statements="109" coveredstatements="102" conditionals="51" coveredconditionals="37" methods="41" coveredmethods="37" elements="201" coveredelements="176" complexity="0" loc="109" ncloc="109" packages="2" files="9" classes="9"/>
    <package name="components">
      <metrics statements="88" coveredstatements="81" conditionals="49" coveredconditionals="35" methods="40" coveredmethods="36"/>
      <file name="Experience.tsx" path="/Users/dafandikri/Documents/Personal/Portfolio Website/portfolio-website/src/components/Experience.tsx">
        <metrics statements="43" coveredstatements="36" conditionals="33" coveredconditionals="22" methods="22" coveredmethods="18"/>
        <line num="7" count="1" type="stmt"/>
        <line num="9" count="44" type="stmt"/>
        <line num="12" count="11" type="stmt"/>
        <line num="13" count="11" type="stmt"/>
        <line num="16" count="11" type="stmt"/>
        <line num="17" count="11" type="stmt"/>
        <line num="18" count="11" type="stmt"/>
        <line num="21" count="11" type="stmt"/>
        <line num="22" count="1" type="stmt"/>
        <line num="23" count="1" type="cond" truecount="1" falsecount="1"/>
        <line num="26" count="11" type="stmt"/>
        <line num="27" count="1" type="stmt"/>
        <line num="29" count="1" type="cond" truecount="1" falsecount="1"/>
        <line num="30" count="0" type="stmt"/>
        <line num="31" count="0" type="stmt"/>
        <line num="33" count="1" type="stmt"/>
        <line num="37" count="11" type="stmt"/>
        <line num="38" count="4" type="stmt"/>
        <line num="39" count="4" type="cond" truecount="1" falsecount="1"/>
        <line num="40" count="0" type="stmt"/>
        <line num="41" count="0" type="stmt"/>
        <line num="46" count="11" type="stmt"/>
        <line num="70" count="55" type="stmt"/>
        <line num="71" count="44" type="stmt"/>
        <line num="72" count="44" type="cond" truecount="1" falsecount="1"/>
        <line num="73" count="44" type="cond" truecount="2" falsecount="0"/>
        <line num="74" count="44" type="stmt"/>
        <line num="77" count="5" type="cond" truecount="2" falsecount="0"/>
        <line num="78" count="5" type="stmt"/>
        <line num="81" count="2" type="cond" truecount="1" falsecount="1"/>
        <line num="82" count="2" type="stmt"/>
        <line num="85" count="108" type="cond" truecount="2" falsecount="0"/>
        <line num="87" count="1" type="stmt"/>
        <line num="97" count="1" type="cond" truecount="1" falsecount="1"/>
        <line num="98" count="1" type="stmt"/>
        <line num="100" count="0" type="cond" truecount="0" falsecount="2"/>
        <line num="101" count="0" type="stmt"/>
        <line num="105" count="8" type="stmt"/>
        <line num="128" count="27" type="cond" truecount="1" falsecount="1"/>
        <line num="129" count="11" type="cond" truecount="1" falsecount="1"/>
        <line num="130" count="11" type="stmt"/>
        <line num="151" count="38" type="stmt"/>
        <line num="167" count="0" type="stmt"/>
      </file>
      <file name="Project.tsx" path="/Users/dafandikri/Documents/Personal/Portfolio Website/portfolio-website/src/components/Project.tsx">
        <metrics statements="16" coveredstatements="16" conditionals="4" coveredconditionals="4" methods="9" coveredmethods="9"/>
        <line num="7" count="1" type="stmt"/>
        <line num="8" count="8" type="stmt"/>
        <line num="9" count="8" type="stmt"/>
        <line num="12" count="8" type="stmt"/>
        <line num="15" count="8" type="stmt"/>
        <line num="16" count="8" type="stmt"/>
        <line num="17" count="8" type="stmt"/>
        <line num="18" count="8" type="stmt"/>
        <line num="22" count="8" type="stmt"/>
        <line num="23" count="3" type="stmt"/>
        <line num="26" count="8" type="stmt"/>
        <line num="27" count="1" type="stmt"/>
        <line num="30" count="8" type="stmt"/>
        <line num="68" count="16" type="stmt"/>
        <line num="153" count="74" type="stmt"/>
        <line num="181" count="64" type="stmt"/>
      </file>
      <file name="SkillsetsDialog.tsx" path="/Users/dafandikri/Documents/Personal/Portfolio Website/portfolio-website/src/components/SkillsetsDialog.tsx">
        <metrics statements="12" coveredstatements="12" conditionals="4" coveredconditionals="3" methods="5" coveredmethods="5"/>
        <line num="7" count="1" type="stmt"/>
        <line num="8" count="2" type="stmt"/>
        <line num="9" count="2" type="stmt"/>
        <line num="10" count="2" type="stmt"/>
        <line num="13" count="2" type="stmt"/>
        <line num="14" count="1" type="cond" truecount="1" falsecount="1"/>
        <line num="15" count="1" type="stmt"/>
        <line num="20" count="2" type="stmt"/>
        <line num="21" count="32" type="stmt"/>
        <line num="48" count="2" type="stmt"/>
        <line num="96" count="16" type="stmt"/>
        <line num="101" count="16" type="stmt"/>
      </file>
      <file name="TechStackDialog.tsx" path="/Users/dafandikri/Documents/Personal/Portfolio Website/portfolio-website/src/components/TechStackDialog.tsx">
        <metrics statements="17" coveredstatements="17" conditionals="8" coveredconditionals="6" methods="4" coveredmethods="4"/>
        <line num="7" count="1" type="stmt"/>
        <line num="8" count="2" type="stmt"/>
        <line num="9" count="2" type="stmt"/>
        <line num="10" count="2" type="stmt"/>
        <line num="11" count="2" type="stmt"/>
        <line num="12" count="2" type="stmt"/>
        <line num="14" count="2" type="stmt"/>
        <line num="15" count="2" type="stmt"/>
        <line num="18" count="2" type="stmt"/>
        <line num="19" count="1" type="cond" truecount="1" falsecount="1"/>
        <line num="20" count="1" type="stmt"/>
        <line num="22" count="1" type="cond" truecount="1" falsecount="1"/>
        <line num="23" count="1" type="stmt"/>
        <line num="27" count="2" type="stmt"/>
        <line num="28" count="8" type="stmt"/>
        <line num="29" count="88" type="stmt"/>
        <line num="42" count="2" type="stmt"/>
      </file>
    </package>
    <package name="data">
      <metrics statements="21" coveredstatements="21" conditionals="2" coveredconditionals="2" methods="1" coveredmethods="1"/>
      <file name="experiences.ts" path="/Users/dafandikri/Documents/Personal/Portfolio Website/portfolio-website/src/data/experiences.ts">
        <metrics statements="1" coveredstatements="1" conditionals="0" coveredconditionals="0" methods="0" coveredmethods="0"/>
        <line num="11" count="5" type="stmt"/>
      </file>
      <file name="index.ts" path="/Users/dafandikri/Documents/Personal/Portfolio Website/portfolio-website/src/data/index.ts">
        <metrics statements="7" coveredstatements="7" conditionals="2" coveredconditionals="2" methods="1" coveredmethods="1"/>
        <line num="23" count="22" type="cond" truecount="2" falsecount="0"/>
        <line num="24" count="1" type="stmt"/>
        <line num="26" count="21" type="stmt"/>
        <line num="29" count="5" type="stmt"/>
        <line num="30" count="5" type="stmt"/>
        <line num="31" count="5" type="stmt"/>
        <line num="32" count="5" type="stmt"/>
      </file>
      <file name="projects.ts" path="/Users/dafandikri/Documents/Personal/Portfolio Website/portfolio-website/src/data/projects.ts">
        <metrics statements="1" coveredstatements="1" conditionals="0" coveredconditionals="0" methods="0" coveredmethods="0"/>
        <line num="13" count="5" type="stmt"/>
      </file>
      <file name="schema.ts" path="/Users/dafandikri/Documents/Personal/Portfolio Website/portfolio-website/src/data/schema.ts">
        <metrics statements="10" coveredstatements="10" conditionals="0" coveredconditionals="0" methods="0" coveredmethods="0"/>
        <line num="12" count="6" type="stmt"/>
        <line num="26" count="6" type="stmt"/>
        <line num="31" count="6" type="stmt"/>
        <line num="42" count="6" type="stmt"/>
        <line num="47" count="6" type="stmt"/>
        <line num="53" count="6" type="stmt"/>
        <line num="59" count="6" type="stmt"/>
        <line num="62" count="6" type="stmt"/>
        <line num="68" count="6" type="stmt"/>
        <line num="71" count="6" type="stmt"/>
      </file>
      <file name="skills.ts" path="/Users/dafandikri/Documents/Personal/Portfolio Website/portfolio-website/src/data/skills.ts">
        <metrics statements="2" coveredstatements="2" conditionals="0" coveredconditionals="0" methods="0" coveredmethods="0"/>
        <line num="8" count="5" type="stmt"/>
        <line num="37" count="5" type="stmt"/>
      </file>
    </package>
  </project>
</coverage>
