{"/Users/dafandikri/Documents/Personal/Portfolio Website/portfolio-website/src/components/Experience.tsx": {"path":"/Users/dafandikri/Documents/Personal/Portfolio Website/portfolio-website/src/components/Experience.tsx","statementMap":{"0":{"start":{"line":7,"column":19},"end":{"line":188,"column":null}},"1":{"start":{"line":9,"column":23},"end":{"line":9,"column":null}},"2":{"start":{"line":9,"column":65},"end":{"line":9,"column":74}},"3":{"start":{"line":12,"column":25},"end":{"line":12,"column":null}},"4":{"start":{"line":13,"column":46},"end":{"line":15,"column":null}},"5":{"start":{"line":16,"column":36},"end":{"line":16,"column":null}},"6":{"start":{"line":17,"column":38},"end":{"line":17,"column":null}},"7":{"start":{"line":18,"column":10},"end":{"line":18,"column":null}},"8":{"start":{"line":21,"column":28},"end":{"line":24,"column":null}},"9":{"start":{"line":22,"column":22},"end":{"line":22,"column":null}},"10":{"start":{"line":23,"column":8},"end":{"line":23,"column":null}},"11":{"start":{"line":23,"column":19},"end":{"line":23,"column":null}},"12":{"start":{"line":26,"column":30},"end":{"line":34,"column":null}},"13":{"start":{"line":27,"column":8},"end":{"line":27,"column":null}},"14":{"start":{"line":29,"column":8},"end":{"line":32,"column":null}},"15":{"start":{"line":30,"column":12},"end":{"line":30,"column":null}},"16":{"start":{"line":31,"column":12},"end":{"line":31,"column":null}},"17":{"start":{"line":33,"column":8},"end":{"line":33,"column":null}},"18":{"start":{"line":37,"column":4},"end":{"line":44,"column":null}},"19":{"start":{"line":38,"column":8},"end":{"line":43,"column":null}},"20":{"start":{"line":39,"column":12},"end":{"line":42,"column":null}},"21":{"start":{"line":40,"column":16},"end":{"line":40,"column":null}},"22":{"start":{"line":41,"column":16},"end":{"line":41,"column":null}},"23":{"start":{"line":46,"column":4},"end":{"line":186,"column":null}},"24":{"start":{"line":70,"column":81},"end":{"line":70,"column":102}},"25":{"start":{"line":71,"column":60},"end":{"line":71,"column":null}},"26":{"start":{"line":72,"column":44},"end":{"line":72,"column":null}},"27":{"start":{"line":72,"column":58},"end":{"line":72,"column":null}},"28":{"start":{"line":73,"column":64},"end":{"line":73,"column":null}},"29":{"start":{"line":74,"column":44},"end":{"line":112,"column":null}},"30":{"start":{"line":77,"column":52},"end":{"line":77,"column":null}},"31":{"start":{"line":77,"column":80},"end":{"line":77,"column":116}},"32":{"start":{"line":77,"column":116},"end":{"line":77,"column":145}},"33":{"start":{"line":78,"column":52},"end":{"line":78,"column":null}},"34":{"start":{"line":81,"column":52},"end":{"line":81,"column":null}},"35":{"start":{"line":81,"column":78},"end":{"line":81,"column":null}},"36":{"start":{"line":82,"column":52},"end":{"line":82,"column":null}},"37":{"start":{"line":82,"column":94},"end":{"line":82,"column":116}},"38":{"start":{"line":82,"column":116},"end":{"line":82,"column":145}},"39":{"start":{"line":85,"column":112},"end":{"line":85,"column":136}},"40":{"start":{"line":87,"column":71},"end":{"line":87,"column":null}},"41":{"start":{"line":97,"column":60},"end":{"line":97,"column":null}},"42":{"start":{"line":97,"column":88},"end":{"line":97,"column":124}},"43":{"start":{"line":97,"column":124},"end":{"line":97,"column":153}},"44":{"start":{"line":98,"column":60},"end":{"line":98,"column":null}},"45":{"start":{"line":100,"column":60},"end":{"line":100,"column":null}},"46":{"start":{"line":100,"column":86},"end":{"line":100,"column":null}},"47":{"start":{"line":101,"column":60},"end":{"line":101,"column":null}},"48":{"start":{"line":101,"column":102},"end":{"line":101,"column":124}},"49":{"start":{"line":101,"column":124},"end":{"line":101,"column":153}},"50":{"start":{"line":105,"column":68},"end":{"line":107,"column":null}},"51":{"start":{"line":105,"column":106},"end":{"line":105,"column":135}},"52":{"start":{"line":128,"column":53},"end":{"line":128,"column":null}},"53":{"start":{"line":128,"column":74},"end":{"line":128,"column":98}},"54":{"start":{"line":129,"column":36},"end":{"line":129,"column":null}},"55":{"start":{"line":129,"column":51},"end":{"line":129,"column":null}},"56":{"start":{"line":130,"column":36},"end":{"line":156,"column":null}},"57":{"start":{"line":151,"column":60},"end":{"line":151,"column":null}},"58":{"start":{"line":167,"column":56},"end":{"line":167,"column":null}}},"fnMap":{"0":{"name":"(anonymous_0)","decl":{"start":{"line":7,"column":19},"end":{"line":7,"column":25}},"loc":{"start":{"line":7,"column":25},"end":{"line":188,"column":null}},"line":7},"1":{"name":"(anonymous_1)","decl":{"start":{"line":9,"column":58},"end":{"line":9,"column":59}},"loc":{"start":{"line":9,"column":65},"end":{"line":9,"column":74}},"line":9},"2":{"name":"(anonymous_2)","decl":{"start":{"line":21,"column":28},"end":{"line":21,"column":29}},"loc":{"start":{"line":21,"column":46},"end":{"line":24,"column":null}},"line":21},"3":{"name":"(anonymous_3)","decl":{"start":{"line":26,"column":30},"end":{"line":26,"column":31}},"loc":{"start":{"line":26,"column":51},"end":{"line":34,"column":null}},"line":26},"4":{"name":"(anonymous_4)","decl":{"start":{"line":37,"column":14},"end":{"line":37,"column":20}},"loc":{"start":{"line":37,"column":20},"end":{"line":44,"column":7}},"line":37},"5":{"name":"(anonymous_5)","decl":{"start":{"line":38,"column":15},"end":{"line":38,"column":21}},"loc":{"start":{"line":38,"column":21},"end":{"line":43,"column":null}},"line":38},"6":{"name":"(anonymous_6)","decl":{"start":{"line":70,"column":71},"end":{"line":70,"column":72}},"loc":{"start":{"line":70,"column":81},"end":{"line":70,"column":102}},"line":70},"7":{"name":"(anonymous_7)","decl":{"start":{"line":70,"column":108},"end":{"line":70,"column":116}},"loc":{"start":{"line":70,"column":116},"end":{"line":114,"column":41}},"line":70},"8":{"name":"(anonymous_8)","decl":{"start":{"line":75,"column":108},"end":{"line":75,"column":114}},"loc":{"start":{"line":75,"column":114},"end":{"line":79,"column":51}},"line":75},"9":{"name":"(anonymous_9)","decl":{"start":{"line":79,"column":65},"end":{"line":79,"column":71}},"loc":{"start":{"line":79,"column":71},"end":{"line":83,"column":null}},"line":79},"10":{"name":"(anonymous_10)","decl":{"start":{"line":82,"column":86},"end":{"line":82,"column":92}},"loc":{"start":{"line":82,"column":92},"end":{"line":82,"column":148}},"line":82},"11":{"name":"(anonymous_11)","decl":{"start":{"line":85,"column":107},"end":{"line":85,"column":112}},"loc":{"start":{"line":85,"column":112},"end":{"line":85,"column":136}},"line":85},"12":{"name":"(anonymous_12)","decl":{"start":{"line":87,"column":65},"end":{"line":87,"column":71}},"loc":{"start":{"line":87,"column":71},"end":{"line":87,"column":null}},"line":87},"13":{"name":"(anonymous_13)","decl":{"start":{"line":96,"column":152},"end":{"line":96,"column":158}},"loc":{"start":{"line":96,"column":158},"end":{"line":99,"column":59}},"line":96},"14":{"name":"(anonymous_14)","decl":{"start":{"line":99,"column":73},"end":{"line":99,"column":79}},"loc":{"start":{"line":99,"column":79},"end":{"line":102,"column":null}},"line":99},"15":{"name":"(anonymous_15)","decl":{"start":{"line":101,"column":94},"end":{"line":101,"column":100}},"loc":{"start":{"line":101,"column":100},"end":{"line":101,"column":156}},"line":101},"16":{"name":"(anonymous_16)","decl":{"start":{"line":104,"column":85},"end":{"line":104,"column":null}},"loc":{"start":{"line":105,"column":68},"end":{"line":107,"column":null}},"line":105},"17":{"name":"(anonymous_17)","decl":{"start":{"line":105,"column":100},"end":{"line":105,"column":106}},"loc":{"start":{"line":105,"column":106},"end":{"line":105,"column":135}},"line":105},"18":{"name":"(anonymous_18)","decl":{"start":{"line":127,"column":34},"end":{"line":127,"column":40}},"loc":{"start":{"line":127,"column":40},"end":{"line":158,"column":35}},"line":127},"19":{"name":"(anonymous_19)","decl":{"start":{"line":128,"column":69},"end":{"line":128,"column":74}},"loc":{"start":{"line":128,"column":74},"end":{"line":128,"column":98}},"line":128},"20":{"name":"(anonymous_20)","decl":{"start":{"line":150,"column":108},"end":{"line":150,"column":109}},"loc":{"start":{"line":151,"column":60},"end":{"line":151,"column":null}},"line":151},"21":{"name":"(anonymous_21)","decl":{"start":{"line":167,"column":50},"end":{"line":167,"column":56}},"loc":{"start":{"line":167,"column":56},"end":{"line":167,"column":null}},"line":167}},"branchMap":{"0":{"loc":{"start":{"line":14,"column":8},"end":{"line":14,"column":null}},"type":"cond-expr","locations":[{"start":{"line":14,"column":23},"end":{"line":14,"column":41}},{"start":{"line":14,"column":41},"end":{"line":14,"column":null}}],"line":14},"1":{"loc":{"start":{"line":23,"column":8},"end":{"line":23,"column":null}},"type":"if","locations":[{"start":{"line":23,"column":8},"end":{"line":23,"column":null}},{"start":{},"end":{}}],"line":23},"2":{"loc":{"start":{"line":29,"column":8},"end":{"line":32,"column":null}},"type":"if","locations":[{"start":{"line":29,"column":8},"end":{"line":32,"column":null}},{"start":{},"end":{}}],"line":29},"3":{"loc":{"start":{"line":39,"column":12},"end":{"line":42,"column":null}},"type":"if","locations":[{"start":{"line":39,"column":12},"end":{"line":42,"column":null}},{"start":{},"end":{}}],"line":39},"4":{"loc":{"start":{"line":72,"column":44},"end":{"line":72,"column":null}},"type":"if","locations":[{"start":{"line":72,"column":44},"end":{"line":72,"column":null}},{"start":{},"end":{}}],"line":72},"5":{"loc":{"start":{"line":73,"column":64},"end":{"line":73,"column":null}},"type":"binary-expr","locations":[{"start":{"line":73,"column":64},"end":{"line":73,"column":83}},{"start":{"line":73,"column":83},"end":{"line":73,"column":null}}],"line":73},"6":{"loc":{"start":{"line":77,"column":52},"end":{"line":77,"column":null}},"type":"if","locations":[{"start":{"line":77,"column":52},"end":{"line":77,"column":null}},{"start":{},"end":{}}],"line":77},"7":{"loc":{"start":{"line":81,"column":52},"end":{"line":81,"column":null}},"type":"if","locations":[{"start":{"line":81,"column":52},"end":{"line":81,"column":null}},{"start":{},"end":{}}],"line":81},"8":{"loc":{"start":{"line":85,"column":91},"end":{"line":85,"column":175}},"type":"cond-expr","locations":[{"start":{"line":85,"column":162},"end":{"line":85,"column":173}},{"start":{"line":85,"column":173},"end":{"line":85,"column":175}}],"line":85},"9":{"loc":{"start":{"line":91,"column":57},"end":{"line":91,"column":null}},"type":"binary-expr","locations":[{"start":{"line":91,"column":57},"end":{"line":91,"column":72}},{"start":{"line":91,"column":72},"end":{"line":91,"column":null}}],"line":91},"10":{"loc":{"start":{"line":95,"column":53},"end":{"line":110,"column":null}},"type":"binary-expr","locations":[{"start":{"line":95,"column":53},"end":{"line":95,"column":68}},{"start":{"line":95,"column":68},"end":{"line":95,"column":null}},{"start":{"line":96,"column":56},"end":{"line":110,"column":null}}],"line":95},"11":{"loc":{"start":{"line":97,"column":60},"end":{"line":97,"column":null}},"type":"if","locations":[{"start":{"line":97,"column":60},"end":{"line":97,"column":null}},{"start":{},"end":{}}],"line":97},"12":{"loc":{"start":{"line":100,"column":60},"end":{"line":100,"column":null}},"type":"if","locations":[{"start":{"line":100,"column":60},"end":{"line":100,"column":null}},{"start":{},"end":{}}],"line":100},"13":{"loc":{"start":{"line":128,"column":53},"end":{"line":128,"column":null}},"type":"binary-expr","locations":[{"start":{"line":128,"column":53},"end":{"line":128,"column":103}},{"start":{"line":128,"column":103},"end":{"line":128,"column":null}}],"line":128},"14":{"loc":{"start":{"line":129,"column":36},"end":{"line":129,"column":null}},"type":"if","locations":[{"start":{"line":129,"column":36},"end":{"line":129,"column":null}},{"start":{},"end":{}}],"line":129},"15":{"loc":{"start":{"line":150,"column":57},"end":{"line":152,"column":null}},"type":"binary-expr","locations":[{"start":{"line":150,"column":57},"end":{"line":150,"column":82}},{"start":{"line":150,"column":82},"end":{"line":152,"column":null}}],"line":150}},"s":{"0":1,"1":11,"2":44,"3":11,"4":11,"5":11,"6":11,"7":11,"8":11,"9":1,"10":1,"11":1,"12":11,"13":1,"14":1,"15":0,"16":0,"17":1,"18":11,"19":4,"20":4,"21":0,"22":0,"23":11,"24":55,"25":44,"26":44,"27":0,"28":44,"29":44,"30":5,"31":2,"32":2,"33":5,"34":2,"35":0,"36":2,"37":0,"38":0,"39":108,"40":1,"41":1,"42":0,"43":0,"44":1,"45":0,"46":0,"47":0,"48":0,"49":0,"50":8,"51":1,"52":11,"53":27,"54":11,"55":0,"56":11,"57":38,"58":0},"f":{"0":11,"1":44,"2":1,"3":1,"4":4,"5":4,"6":55,"7":44,"8":5,"9":2,"10":0,"11":108,"12":1,"13":1,"14":0,"15":0,"16":8,"17":1,"18":11,"19":27,"20":38,"21":0},"b":{"0":[11,0],"1":[1,0],"2":[0,1],"3":[0,4],"4":[0,44],"5":[44,44],"6":[2,3],"7":[0,2],"8":[11,33],"9":[44,11],"10":[44,11,4],"11":[0,1],"12":[0,0],"13":[11,0],"14":[0,11],"15":[11,11]},"meta":{"lastBranch":16,"lastFunction":22,"lastStatement":59,"seen":{"s:7:19:188:Infinity":0,"f:7:19:7:25":0,"s:9:23:9:Infinity":1,"f:9:58:9:59":1,"s:9:65:9:74":2,"s:12:25:12:Infinity":3,"s:13:46:15:Infinity":4,"b:14:23:14:41:14:41:14:Infinity":0,"s:16:36:16:Infinity":5,"s:17:38:17:Infinity":6,"s:18:10:18:Infinity":7,"s:21:28:24:Infinity":8,"f:21:28:21:29":2,"s:22:22:22:Infinity":9,"b:23:8:23:Infinity:undefined:undefined:undefined:undefined":1,"s:23:8:23:Infinity":10,"s:23:19:23:Infinity":11,"s:26:30:34:Infinity":12,"f:26:30:26:31":3,"s:27:8:27:Infinity":13,"b:29:8:32:Infinity:undefined:undefined:undefined:undefined":2,"s:29:8:32:Infinity":14,"s:30:12:30:Infinity":15,"s:31:12:31:Infinity":16,"s:33:8:33:Infinity":17,"s:37:4:44:Infinity":18,"f:37:14:37:20":4,"s:38:8:43:Infinity":19,"f:38:15:38:21":5,"b:39:12:42:Infinity:undefined:undefined:undefined:undefined":3,"s:39:12:42:Infinity":20,"s:40:16:40:Infinity":21,"s:41:16:41:Infinity":22,"s:46:4:186:Infinity":23,"f:70:71:70:72":6,"s:70:81:70:102":24,"f:70:108:70:116":7,"s:71:60:71:Infinity":25,"b:72:44:72:Infinity:undefined:undefined:undefined:undefined":4,"s:72:44:72:Infinity":26,"s:72:58:72:Infinity":27,"s:73:64:73:Infinity":28,"b:73:64:73:83:73:83:73:Infinity":5,"s:74:44:112:Infinity":29,"f:75:108:75:114":8,"b:77:52:77:Infinity:undefined:undefined:undefined:undefined":6,"s:77:52:77:Infinity":30,"s:77:80:77:116":31,"s:77:116:77:145":32,"s:78:52:78:Infinity":33,"f:79:65:79:71":9,"b:81:52:81:Infinity:undefined:undefined:undefined:undefined":7,"s:81:52:81:Infinity":34,"s:81:78:81:Infinity":35,"s:82:52:82:Infinity":36,"f:82:86:82:92":10,"s:82:94:82:116":37,"s:82:116:82:145":38,"b:85:162:85:173:85:173:85:175":8,"f:85:107:85:112":11,"s:85:112:85:136":39,"f:87:65:87:71":12,"s:87:71:87:Infinity":40,"b:91:57:91:72:91:72:91:Infinity":9,"b:95:53:95:68:95:68:95:Infinity:96:56:110:Infinity":10,"f:96:152:96:158":13,"b:97:60:97:Infinity:undefined:undefined:undefined:undefined":11,"s:97:60:97:Infinity":41,"s:97:88:97:124":42,"s:97:124:97:153":43,"s:98:60:98:Infinity":44,"f:99:73:99:79":14,"b:100:60:100:Infinity:undefined:undefined:undefined:undefined":12,"s:100:60:100:Infinity":45,"s:100:86:100:Infinity":46,"s:101:60:101:Infinity":47,"f:101:94:101:100":15,"s:101:102:101:124":48,"s:101:124:101:153":49,"f:104:85:104:Infinity":16,"s:105:68:107:Infinity":50,"f:105:100:105:106":17,"s:105:106:105:135":51,"f:127:34:127:40":18,"s:128:53:128:Infinity":52,"b:128:53:128:103:128:103:128:Infinity":13,"f:128:69:128:74":19,"s:128:74:128:98":53,"b:129:36:129:Infinity:undefined:undefined:undefined:undefined":14,"s:129:36:129:Infinity":54,"s:129:51:129:Infinity":55,"s:130:36:156:Infinity":56,"b:150:57:150:82:150:82:152:Infinity":15,"f:150:108:150:109":20,"s:151:60:151:Infinity":57,"f:167:50:167:56":21,"s:167:56:167:Infinity":58},"fnNames":{}}}
,"/Users/dafandikri/Documents/Personal/Portfolio Website/portfolio-website/src/components/Project.tsx": {"path":"/Users/dafandikri/Documents/Personal/Portfolio Website/portfolio-website/src/components/Project.tsx","statementMap":{"0":{"start":{"line":7,"column":16},"end":{"line":203,"column":null}},"1":{"start":{"line":8,"column":40},"end":{"line":8,"column":null}},"2":{"start":{"line":9,"column":28},"end":{"line":9,"column":null}},"3":{"start":{"line":12,"column":23},"end":{"line":12,"column":null}},"4":{"start":{"line":15,"column":31},"end":{"line":19,"column":null}},"5":{"start":{"line":16,"column":22},"end":{"line":16,"column":null}},"6":{"start":{"line":17,"column":20},"end":{"line":17,"column":null}},"7":{"start":{"line":18,"column":8},"end":{"line":18,"column":null}},"8":{"start":{"line":22,"column":21},"end":{"line":24,"column":null}},"9":{"start":{"line":23,"column":8},"end":{"line":23,"column":null}},"10":{"start":{"line":23,"column":25},"end":{"line":23,"column":57}},"11":{"start":{"line":26,"column":25},"end":{"line":28,"column":null}},"12":{"start":{"line":27,"column":8},"end":{"line":27,"column":null}},"13":{"start":{"line":27,"column":25},"end":{"line":27,"column":70}},"14":{"start":{"line":30,"column":4},"end":{"line":201,"column":null}},"15":{"start":{"line":68,"column":20},"end":{"line":198,"column":null}},"16":{"start":{"line":153,"column":60},"end":{"line":165,"column":null}},"17":{"start":{"line":181,"column":52},"end":{"line":181,"column":null}}},"fnMap":{"0":{"name":"(anonymous_0)","decl":{"start":{"line":7,"column":16},"end":{"line":7,"column":22}},"loc":{"start":{"line":7,"column":22},"end":{"line":203,"column":null}},"line":7},"1":{"name":"(anonymous_1)","decl":{"start":{"line":15,"column":31},"end":{"line":15,"column":37}},"loc":{"start":{"line":15,"column":37},"end":{"line":19,"column":null}},"line":15},"2":{"name":"(anonymous_2)","decl":{"start":{"line":22,"column":21},"end":{"line":22,"column":27}},"loc":{"start":{"line":22,"column":27},"end":{"line":24,"column":null}},"line":22},"3":{"name":"(anonymous_3)","decl":{"start":{"line":23,"column":24},"end":{"line":23,"column":25}},"loc":{"start":{"line":23,"column":25},"end":{"line":23,"column":57}},"line":23},"4":{"name":"(anonymous_4)","decl":{"start":{"line":26,"column":25},"end":{"line":26,"column":31}},"loc":{"start":{"line":26,"column":31},"end":{"line":28,"column":null}},"line":26},"5":{"name":"(anonymous_5)","decl":{"start":{"line":27,"column":24},"end":{"line":27,"column":25}},"loc":{"start":{"line":27,"column":25},"end":{"line":27,"column":70}},"line":27},"6":{"name":"(anonymous_6)","decl":{"start":{"line":67,"column":42},"end":{"line":67,"column":43}},"loc":{"start":{"line":68,"column":20},"end":{"line":198,"column":null}},"line":68},"7":{"name":"(anonymous_7)","decl":{"start":{"line":152,"column":79},"end":{"line":152,"column":80}},"loc":{"start":{"line":153,"column":60},"end":{"line":165,"column":null}},"line":153},"8":{"name":"(anonymous_8)","decl":{"start":{"line":180,"column":70},"end":{"line":180,"column":71}},"loc":{"start":{"line":181,"column":52},"end":{"line":181,"column":null}},"line":181}},"branchMap":{"0":{"loc":{"start":{"line":71,"column":54},"end":{"line":71,"column":81}},"type":"cond-expr","locations":[{"start":{"line":71,"column":72},"end":{"line":71,"column":78}},{"start":{"line":71,"column":78},"end":{"line":71,"column":81}}],"line":71},"1":{"loc":{"start":{"line":96,"column":53},"end":{"line":145,"column":null}},"type":"cond-expr","locations":[{"start":{"line":97,"column":56},"end":{"line":129,"column":null}},{"start":{"line":131,"column":56},"end":{"line":145,"column":null}}],"line":96}},"s":{"0":1,"1":8,"2":8,"3":8,"4":8,"5":8,"6":8,"7":8,"8":8,"9":3,"10":3,"11":8,"12":1,"13":1,"14":8,"15":16,"16":74,"17":64},"f":{"0":8,"1":8,"2":3,"3":3,"4":1,"5":1,"6":16,"7":74,"8":64},"b":{"0":[8,8],"1":[12,4]},"meta":{"lastBranch":2,"lastFunction":9,"lastStatement":18,"seen":{"s:7:16:203:Infinity":0,"f:7:16:7:22":0,"s:8:40:8:Infinity":1,"s:9:28:9:Infinity":2,"s:12:23:12:Infinity":3,"s:15:31:19:Infinity":4,"f:15:31:15:37":1,"s:16:22:16:Infinity":5,"s:17:20:17:Infinity":6,"s:18:8:18:Infinity":7,"s:22:21:24:Infinity":8,"f:22:21:22:27":2,"s:23:8:23:Infinity":9,"f:23:24:23:25":3,"s:23:25:23:57":10,"s:26:25:28:Infinity":11,"f:26:25:26:31":4,"s:27:8:27:Infinity":12,"f:27:24:27:25":5,"s:27:25:27:70":13,"s:30:4:201:Infinity":14,"f:67:42:67:43":6,"s:68:20:198:Infinity":15,"b:71:72:71:78:71:78:71:81":0,"b:97:56:129:Infinity:131:56:145:Infinity":1,"f:152:79:152:80":7,"s:153:60:165:Infinity":16,"f:180:70:180:71":8,"s:181:52:181:Infinity":17},"fnNames":{}}}
,"/Users/dafandikri/Documents/Personal/Portfolio Website/portfolio-website/src/data/experiences.ts": {"path":"/Users/dafandikri/Documents/Personal/Portfolio Website/portfolio-website/src/data/experiences.ts","statementMap":{"0":{"start":{"line":11,"column":44},"end":{"line":97,"column":null}}},"fnMap":{},"branchMap":{},"s":{"0":3},"f":{},"b":{},"meta":{"lastBranch":0,"lastFunction":0,"lastStatement":1,"seen":{"s:11:44:97:Infinity":0},"fnNames":{}}}
,"/Users/dafandikri/Documents/Personal/Portfolio Website/portfolio-website/src/data/index.ts": {"path":"/Users/dafandikri/Documents/Personal/Portfolio Website/portfolio-website/src/data/index.ts","statementMap":{"0":{"start":{"line":19,"column":2},"end":{"line":21,"column":null}},"1":{"start":{"line":20,"column":4},"end":{"line":20,"column":null}},"2":{"start":{"line":22,"column":2},"end":{"line":22,"column":null}},"3":{"start":{"line":25,"column":24},"end":{"line":25,"column":null}},"4":{"start":{"line":26,"column":27},"end":{"line":26,"column":null}}},"fnMap":{"0":{"name":"parseOrThrow","decl":{"start":{"line":18,"column":16},"end":{"line":18,"column":32}},"loc":{"start":{"line":18,"column":107},"end":{"line":23,"column":null}},"line":18}},"branchMap":{"0":{"loc":{"start":{"line":19,"column":2},"end":{"line":21,"column":null}},"type":"if","locations":[{"start":{"line":19,"column":2},"end":{"line":21,"column":null}},{"start":{},"end":{}}],"line":19}},"s":{"0":8,"1":1,"2":7,"3":3,"4":3},"f":{"0":8},"b":{"0":[1,7]},"meta":{"lastBranch":1,"lastFunction":1,"lastStatement":5,"seen":{"f:18:16:18:32":0,"b:19:2:21:Infinity:undefined:undefined:undefined:undefined":0,"s:19:2:21:Infinity":0,"s:20:4:20:Infinity":1,"s:22:2:22:Infinity":2,"s:25:24:25:Infinity":3,"s:26:27:26:Infinity":4},"fnNames":{}}}
,"/Users/dafandikri/Documents/Personal/Portfolio Website/portfolio-website/src/data/projects.ts": {"path":"/Users/dafandikri/Documents/Personal/Portfolio Website/portfolio-website/src/data/projects.ts","statementMap":{"0":{"start":{"line":13,"column":39},"end":{"line":142,"column":null}}},"fnMap":{},"branchMap":{},"s":{"0":3},"f":{},"b":{},"meta":{"lastBranch":0,"lastFunction":0,"lastStatement":1,"seen":{"s:13:39:142:Infinity":0},"fnNames":{}}}
,"/Users/dafandikri/Documents/Personal/Portfolio Website/portfolio-website/src/data/schema.ts": {"path":"/Users/dafandikri/Documents/Personal/Portfolio Website/portfolio-website/src/data/schema.ts","statementMap":{"0":{"start":{"line":12,"column":29},"end":{"line":23,"column":null}},"1":{"start":{"line":26,"column":30},"end":{"line":26,"column":null}},"2":{"start":{"line":31,"column":37},"end":{"line":39,"column":null}},"3":{"start":{"line":42,"column":36},"end":{"line":44,"column":null}},"4":{"start":{"line":47,"column":33},"end":{"line":47,"column":null}}},"fnMap":{},"branchMap":{},"s":{"0":4,"1":4,"2":4,"3":4,"4":4},"f":{},"b":{},"meta":{"lastBranch":0,"lastFunction":0,"lastStatement":5,"seen":{"s:12:29:23:Infinity":0,"s:26:30:26:Infinity":1,"s:31:37:39:Infinity":2,"s:42:36:44:Infinity":3,"s:47:33:47:Infinity":4},"fnNames":{}}}
}
